This file contains any messages produced by compilers while
running configure, to aid debugging if configure makes a mistake.

It was created by mentohust configure 0.3.1, which was
generated by GNU Autoconf 2.68.  Invocation command line was

  $ ./configure 

## --------- ##
## Platform. ##
## --------- ##

hostname = BigEagle-Laptop
uname -m = i686
uname -r = 2.6.35-bfs
uname -s = Linux
uname -v = #1 SMP PREEMPT Fri Oct 22 16:09:51 CST 2010

/usr/bin/uname -p = unknown
/bin/uname -X     = unknown

/bin/arch              = i686
/usr/bin/arch -k       = unknown
/usr/convex/getsysinfo = unknown
/usr/bin/hostinfo      = unknown
/bin/machine           = unknown
/usr/bin/oslevel       = unknown
/bin/universe          = unknown

PATH: /opt/texlive/bin/
PATH: /opt/texlive/bin/
PATH: /bin
PATH: /usr/bin
PATH: /sbin
PATH: /usr/sbin
PATH: /usr/local/arm/4.3.2/bin/
PATH: /usr/share/java/apache-ant/bin
PATH: /opt/google-appengine
PATH: /opt/java/bin
PATH: /opt/java/db/bin
PATH: /opt/java/jre/bin
PATH: /opt/kde/bin
PATH: /opt/NX/bin
PATH: /usr/bin/perlbin/site
PATH: /usr/lib/perl5/vendor_perl/bin
PATH: /usr/bin/perlbin/vendor
PATH: /usr/lib/perl5/core_perl/bin
PATH: /opt/qt/bin


## ----------- ##
## Core tests. ##
## ----------- ##

configure:2267: checking build system type
configure:2281: result: i686-pc-linux-gnu
configure:2301: checking host system type
configure:2314: result: i686-pc-linux-gnu
configure:2350: checking for a BSD-compatible install
configure:2418: result: /bin/install -c
configure:2429: checking whether build environment is sane
configure:2479: result: yes
configure:2620: checking for a thread-safe mkdir -p
configure:2659: result: /bin/mkdir -p
configure:2672: checking for gawk
configure:2688: found /bin/gawk
configure:2699: result: gawk
configure:2710: checking whether make sets $(MAKE)
configure:2732: result: yes
configure:2889: checking for gcc
configure:2905: found /usr/bin/gcc
configure:2916: result: gcc
configure:3145: checking for C compiler version
configure:3154: gcc --version >&5
gcc (GCC) 4.5.1 20101125 (prerelease)
Copyright (C) 2010 Free Software Foundation, Inc.
This is free software; see the source for copying conditions.  There is NO
warranty; not even for MERCHANTABILITY or FITNESS FOR A PARTICULAR PURPOSE.

configure:3165: $? = 0
configure:3154: gcc -v >&5
Using built-in specs.
COLLECT_GCC=gcc
COLLECT_LTO_WRAPPER=/usr/lib/gcc/i686-pc-linux-gnu/4.5.1/lto-wrapper
Target: i686-pc-linux-gnu
Configured with: /build/src/gcc-4.5-20101125/configure --prefix=/usr --enable-languages=c,c++,fortran,objc,obj-c++,ada --enable-shared --enable-threads=posix --enable-__cxa_atexit --enable-clocale=gnu --enable-gnu-unique-object --enable-lto --enable-plugin --disable-multilib --disable-libstdcxx-pch --with-system-zlib --with-ppl --with-cloog --libdir=/usr/lib --libexecdir=/usr/lib --mandir=/usr/share/man --infodir=/usr/share/info
Thread model: posix
gcc version 4.5.1 20101125 (prerelease) (GCC) 
configure:3165: $? = 0
configure:3154: gcc -V >&5
gcc: '-V' option must have argument
configure:3165: $? = 1
configure:3154: gcc -qversion >&5
gcc: unrecognized option '-qversion'
gcc: no input files
configure:3165: $? = 1
configure:3185: checking whether the C compiler works
configure:3207: gcc  -Os -Wall   conftest.c  >&5
configure:3211: $? = 0
configure:3259: result: yes
configure:3262: checking for C compiler default output file name
configure:3264: result: a.out
configure:3270: checking for suffix of executables
configure:3277: gcc -o conftest  -Os -Wall   conftest.c  >&5
configure:3281: $? = 0
configure:3303: result: 
configure:3325: checking whether we are cross compiling
configure:3333: gcc -o conftest  -Os -Wall   conftest.c  >&5
configure:3337: $? = 0
configure:3344: ./conftest
configure:3348: $? = 0
configure:3363: result: no
configure:3368: checking for suffix of object files
configure:3390: gcc -c  -Os -Wall  conftest.c >&5
configure:3394: $? = 0
configure:3415: result: o
configure:3419: checking whether we are using the GNU C compiler
configure:3438: gcc -c  -Os -Wall  conftest.c >&5
configure:3438: $? = 0
configure:3447: result: yes
configure:3456: checking whether gcc accepts -g
configure:3476: gcc -c -g  conftest.c >&5
configure:3476: $? = 0
configure:3517: result: yes
configure:3534: checking for gcc option to accept ISO C89
configure:3598: gcc  -c  -Os -Wall  conftest.c >&5
configure:3598: $? = 0
configure:3611: result: none needed
configure:3642: checking for style of include used by make
configure:3670: result: GNU
configure:3695: checking dependency style of gcc
configure:3805: result: gcc3
configure:3826: checking how to run the C preprocessor
configure:3857: gcc -E  conftest.c
configure:3857: $? = 0
configure:3871: gcc -E  conftest.c
conftest.c:11:28: fatal error: ac_nonexistent.h: No such file or directory
compilation terminated.
configure:3871: $? = 1
configure: failed program was:
| /* confdefs.h */
| #define PACKAGE_NAME "mentohust"
| #define PACKAGE_TARNAME "mentohust"
| #define PACKAGE_VERSION "0.3.1"
| #define PACKAGE_STRING "mentohust 0.3.1"
| #define PACKAGE_BUGREPORT "http://code.google.com/p/mentohust/issues/list"
| #define PACKAGE_URL ""
| #define PACKAGE "mentohust"
| #define VERSION "0.3.1"
| /* end confdefs.h.  */
| #include <ac_nonexistent.h>
configure:3896: result: gcc -E
configure:3916: gcc -E  conftest.c
configure:3916: $? = 0
configure:3930: gcc -E  conftest.c
conftest.c:11:28: fatal error: ac_nonexistent.h: No such file or directory
compilation terminated.
configure:3930: $? = 1
configure: failed program was:
| /* confdefs.h */
| #define PACKAGE_NAME "mentohust"
| #define PACKAGE_TARNAME "mentohust"
| #define PACKAGE_VERSION "0.3.1"
| #define PACKAGE_STRING "mentohust 0.3.1"
| #define PACKAGE_BUGREPORT "http://code.google.com/p/mentohust/issues/list"
| #define PACKAGE_URL ""
| #define PACKAGE "mentohust"
| #define VERSION "0.3.1"
| /* end confdefs.h.  */
| #include <ac_nonexistent.h>
configure:3959: checking for grep that handles long lines and -e
configure:4017: result: /bin/grep
configure:4022: checking for egrep
configure:4084: result: /bin/grep -E
configure:4089: checking for ANSI C header files
configure:4109: gcc -c  -Os -Wall  conftest.c >&5
configure:4109: $? = 0
configure:4182: gcc -o conftest  -Os -Wall   conftest.c  >&5
configure:4182: $? = 0
configure:4182: ./conftest
configure:4182: $? = 0
configure:4193: result: yes
configure:4206: checking for sys/types.h
configure:4206: gcc -c  -Os -Wall  conftest.c >&5
configure:4206: $? = 0
configure:4206: result: yes
configure:4206: checking for sys/stat.h
configure:4206: gcc -c  -Os -Wall  conftest.c >&5
configure:4206: $? = 0
configure:4206: result: yes
configure:4206: checking for stdlib.h
configure:4206: gcc -c  -Os -Wall  conftest.c >&5
configure:4206: $? = 0
configure:4206: result: yes
configure:4206: checking for string.h
configure:4206: gcc -c  -Os -Wall  conftest.c >&5
configure:4206: $? = 0
configure:4206: result: yes
configure:4206: checking for memory.h
configure:4206: gcc -c  -Os -Wall  conftest.c >&5
configure:4206: $? = 0
configure:4206: result: yes
configure:4206: checking for strings.h
configure:4206: gcc -c  -Os -Wall  conftest.c >&5
configure:4206: $? = 0
configure:4206: result: yes
configure:4206: checking for inttypes.h
configure:4206: gcc -c  -Os -Wall  conftest.c >&5
configure:4206: $? = 0
configure:4206: result: yes
configure:4206: checking for stdint.h
configure:4206: gcc -c  -Os -Wall  conftest.c >&5
configure:4206: $? = 0
configure:4206: result: yes
configure:4206: checking for unistd.h
configure:4206: gcc -c  -Os -Wall  conftest.c >&5
configure:4206: $? = 0
configure:4206: result: yes
configure:4218: checking whether byte ordering is bigendian
configure:4233: gcc -c  -Os -Wall  conftest.c >&5
conftest.c:22:13: error: expected '=', ',', ';', 'asm' or '__attribute__' before 'a'
configure:4233: $? = 1
configure: failed program was:
| /* confdefs.h */
| #define PACKAGE_NAME "mentohust"
| #define PACKAGE_TARNAME "mentohust"
| #define PACKAGE_VERSION "0.3.1"
| #define PACKAGE_STRING "mentohust 0.3.1"
| #define PACKAGE_BUGREPORT "http://code.google.com/p/mentohust/issues/list"
| #define PACKAGE_URL ""
| #define PACKAGE "mentohust"
| #define VERSION "0.3.1"
| #define STDC_HEADERS 1
| #define HAVE_SYS_TYPES_H 1
| #define HAVE_SYS_STAT_H 1
| #define HAVE_STDLIB_H 1
| #define HAVE_STRING_H 1
| #define HAVE_MEMORY_H 1
| #define HAVE_STRINGS_H 1
| #define HAVE_INTTYPES_H 1
| #define HAVE_STDINT_H 1
| #define HAVE_UNISTD_H 1
| /* end confdefs.h.  */
| #ifndef __APPLE_CC__
| 	       not a universal capable compiler
| 	     #endif
| 	     typedef int dummy;
| 
configure:4278: gcc -c  -Os -Wall  conftest.c >&5
configure:4278: $? = 0
configure:4296: gcc -c  -Os -Wall  conftest.c >&5
conftest.c: In function 'main':
conftest.c:28:4: error: 'not' undeclared (first use in this function)
conftest.c:28:4: note: each undeclared identifier is reported only once for each function it appears in
conftest.c:28:8: error: expected ';' before 'big'
configure:4296: $? = 1
configure: failed program was:
| /* confdefs.h */
| #define PACKAGE_NAME "mentohust"
| #define PACKAGE_TARNAME "mentohust"
| #define PACKAGE_VERSION "0.3.1"
| #define PACKAGE_STRING "mentohust 0.3.1"
| #define PACKAGE_BUGREPORT "http://code.google.com/p/mentohust/issues/list"
| #define PACKAGE_URL ""
| #define PACKAGE "mentohust"
| #define VERSION "0.3.1"
| #define STDC_HEADERS 1
| #define HAVE_SYS_TYPES_H 1
| #define HAVE_SYS_STAT_H 1
| #define HAVE_STDLIB_H 1
| #define HAVE_STRING_H 1
| #define HAVE_MEMORY_H 1
| #define HAVE_STRINGS_H 1
| #define HAVE_INTTYPES_H 1
| #define HAVE_STDINT_H 1
| #define HAVE_UNISTD_H 1
| /* end confdefs.h.  */
| #include <sys/types.h>
| 		#include <sys/param.h>
| 
| int
| main ()
| {
| #if BYTE_ORDER != BIG_ENDIAN
| 		 not big endian
| 		#endif
| 
|   ;
|   return 0;
| }
configure:4424: result: no
configure:4536: checking for dlsym in -ldl
configure:4561: gcc -o conftest  -Os -Wall   conftest.c -ldl   >&5
configure:4561: $? = 0
configure:4570: result: yes
configure:4653: checking for dlsym in -ldl
configure:4687: result: yes
configure:4712: checking whether NLS is requested
configure:4721: result: yes
configure:4762: checking for msgfmt
configure: trying /usr/bin/msgfmt...
0 translated messages.
configure:4794: result: /usr/bin/msgfmt
configure:4803: checking for gmsgfmt
configure:4834: result: /usr/bin/msgfmt
configure:4885: checking for xgettext
configure: trying /usr/bin/xgettext...
/usr/bin/xgettext: warning: file `/dev/null' extension `' is unknown; will try C
configure:4917: result: /usr/bin/xgettext
configure:4963: checking for msgmerge
configure: trying /usr/bin/msgmerge...
configure:4994: result: /usr/bin/msgmerge
configure:5051: checking for ld used by GCC
configure:5115: result: /usr/bin/ld
configure:5122: checking if the linker (/usr/bin/ld) is GNU ld
configure:5135: result: yes
configure:5142: checking for shared library run path origin
configure:5155: result: done
configure:5727: checking for CFPreferencesCopyAppValue
configure:5745: gcc -o conftest  -Os -Wall   conftest.c -ldl -ldl  -Wl,-framework -Wl,CoreFoundation >&5
conftest.c:24:42: fatal error: CoreFoundation/CFPreferences.h: No such file or directory
compilation terminated.
configure:5745: $? = 1
configure: failed program was:
| /* confdefs.h */
| #define PACKAGE_NAME "mentohust"
| #define PACKAGE_TARNAME "mentohust"
| #define PACKAGE_VERSION "0.3.1"
| #define PACKAGE_STRING "mentohust 0.3.1"
| #define PACKAGE_BUGREPORT "http://code.google.com/p/mentohust/issues/list"
| #define PACKAGE_URL ""
| #define PACKAGE "mentohust"
| #define VERSION "0.3.1"
| #define STDC_HEADERS 1
| #define HAVE_SYS_TYPES_H 1
| #define HAVE_SYS_STAT_H 1
| #define HAVE_STDLIB_H 1
| #define HAVE_STRING_H 1
| #define HAVE_MEMORY_H 1
| #define HAVE_STRINGS_H 1
| #define HAVE_INTTYPES_H 1
| #define HAVE_STDINT_H 1
| #define HAVE_UNISTD_H 1
| #define HAVE_LIBDL 1
| #define HAVE_LIBDL 1
| #define GETTEXT_PACKAGE "mentohust"
| /* end confdefs.h.  */
| #include <CoreFoundation/CFPreferences.h>
| int
| main ()
| {
| CFPreferencesCopyAppValue(NULL, NULL)
|   ;
|   return 0;
| }
configure:5754: result: no
configure:5761: checking for CFLocaleCopyCurrent
configure:5779: gcc -o conftest  -Os -Wall   conftest.c -ldl -ldl  -Wl,-framework -Wl,CoreFoundation >&5
conftest.c:24:37: fatal error: CoreFoundation/CFLocale.h: No such file or directory
compilation terminated.
configure:5779: $? = 1
configure: failed program was:
| /* confdefs.h */
| #define PACKAGE_NAME "mentohust"
| #define PACKAGE_TARNAME "mentohust"
| #define PACKAGE_VERSION "0.3.1"
| #define PACKAGE_STRING "mentohust 0.3.1"
| #define PACKAGE_BUGREPORT "http://code.google.com/p/mentohust/issues/list"
| #define PACKAGE_URL ""
| #define PACKAGE "mentohust"
| #define VERSION "0.3.1"
| #define STDC_HEADERS 1
| #define HAVE_SYS_TYPES_H 1
| #define HAVE_SYS_STAT_H 1
| #define HAVE_STDLIB_H 1
| #define HAVE_STRING_H 1
| #define HAVE_MEMORY_H 1
| #define HAVE_STRINGS_H 1
| #define HAVE_INTTYPES_H 1
| #define HAVE_STDINT_H 1
| #define HAVE_UNISTD_H 1
| #define HAVE_LIBDL 1
| #define HAVE_LIBDL 1
| #define GETTEXT_PACKAGE "mentohust"
| /* end confdefs.h.  */
| #include <CoreFoundation/CFLocale.h>
| int
| main ()
| {
| CFLocaleCopyCurrent();
|   ;
|   return 0;
| }
configure:5788: result: no
configure:5837: checking for GNU gettext in libc
configure:5857: gcc -o conftest  -Os -Wall   conftest.c -ldl -ldl  >&5
configure:5857: $? = 0
configure:5866: result: yes
configure:6657: checking whether to use NLS
configure:6659: result: yes
configure:6662: checking where the gettext function comes from
configure:6673: result: libc
configure:6736: checking iconv.h usability
configure:6736: gcc -c  -Os -Wall  conftest.c >&5
configure:6736: $? = 0
configure:6736: result: yes
configure:6736: checking iconv.h presence
configure:6736: gcc -E  conftest.c
configure:6736: $? = 0
configure:6736: result: yes
configure:6736: checking for iconv.h
configure:6736: result: yes
configure:6736: checking arpa/inet.h usability
configure:6736: gcc -c  -Os -Wall  conftest.c >&5
configure:6736: $? = 0
configure:6736: result: yes
configure:6736: checking arpa/inet.h presence
configure:6736: gcc -E  conftest.c
configure:6736: $? = 0
configure:6736: result: yes
configure:6736: checking for arpa/inet.h
configure:6736: result: yes
configure:6736: checking fcntl.h usability
configure:6736: gcc -c  -Os -Wall  conftest.c >&5
configure:6736: $? = 0
configure:6736: result: yes
configure:6736: checking fcntl.h presence
configure:6736: gcc -E  conftest.c
configure:6736: $? = 0
configure:6736: result: yes
configure:6736: checking for fcntl.h
configure:6736: result: yes
configure:6736: checking netinet/in.h usability
configure:6736: gcc -c  -Os -Wall  conftest.c >&5
configure:6736: $? = 0
configure:6736: result: yes
configure:6736: checking netinet/in.h presence
configure:6736: gcc -E  conftest.c
configure:6736: $? = 0
configure:6736: result: yes
configure:6736: checking for netinet/in.h
configure:6736: result: yes
configure:6736: checking for stdint.h
configure:6736: result: yes
configure:6736: checking for stdlib.h
configure:6736: result: yes
configure:6736: checking for string.h
configure:6736: result: yes
configure:6736: checking sys/ioctl.h usability
configure:6736: gcc -c  -Os -Wall  conftest.c >&5
configure:6736: $? = 0
configure:6736: result: yes
configure:6736: checking sys/ioctl.h presence
configure:6736: gcc -E  conftest.c
configure:6736: $? = 0
configure:6736: result: yes
configure:6736: checking for sys/ioctl.h
configure:6736: result: yes
configure:6736: checking sys/socket.h usability
configure:6736: gcc -c  -Os -Wall  conftest.c >&5
configure:6736: $? = 0
configure:6736: result: yes
configure:6736: checking sys/socket.h presence
configure:6736: gcc -E  conftest.c
configure:6736: $? = 0
configure:6736: result: yes
configure:6736: checking for sys/socket.h
configure:6736: result: yes
configure:6736: checking sys/time.h usability
configure:6736: gcc -c  -Os -Wall  conftest.c >&5
configure:6736: $? = 0
configure:6736: result: yes
configure:6736: checking sys/time.h presence
configure:6736: gcc -E  conftest.c
configure:6736: $? = 0
configure:6736: result: yes
configure:6736: checking for sys/time.h
configure:6736: result: yes
configure:6736: checking for unistd.h
configure:6736: result: yes
configure:6736: checking libintl.h usability
configure:6736: gcc -c  -Os -Wall  conftest.c >&5
configure:6736: $? = 0
configure:6736: result: yes
configure:6736: checking libintl.h presence
configure:6736: gcc -E  conftest.c
configure:6736: $? = 0
configure:6736: result: yes
configure:6736: checking for libintl.h
configure:6736: result: yes
configure:6736: checking locale.h usability
configure:6736: gcc -c  -Os -Wall  conftest.c >&5
configure:6736: $? = 0
configure:6736: result: yes
configure:6736: checking locale.h presence
configure:6736: gcc -E  conftest.c
configure:6736: $? = 0
configure:6736: result: yes
configure:6736: checking for locale.h
configure:6736: result: yes
configure:6748: checking for size_t
configure:6748: gcc -c  -Os -Wall  conftest.c >&5
configure:6748: $? = 0
configure:6748: gcc -c  -Os -Wall  conftest.c >&5
conftest.c: In function 'main':
conftest.c:76:21: error: expected expression before ')' token
configure:6748: $? = 1
configure: failed program was:
| /* confdefs.h */
| #define PACKAGE_NAME "mentohust"
| #define PACKAGE_TARNAME "mentohust"
| #define PACKAGE_VERSION "0.3.1"
| #define PACKAGE_STRING "mentohust 0.3.1"
| #define PACKAGE_BUGREPORT "http://code.google.com/p/mentohust/issues/list"
| #define PACKAGE_URL ""
| #define PACKAGE "mentohust"
| #define VERSION "0.3.1"
| #define STDC_HEADERS 1
| #define HAVE_SYS_TYPES_H 1
| #define HAVE_SYS_STAT_H 1
| #define HAVE_STDLIB_H 1
| #define HAVE_STRING_H 1
| #define HAVE_MEMORY_H 1
| #define HAVE_STRINGS_H 1
| #define HAVE_INTTYPES_H 1
| #define HAVE_STDINT_H 1
| #define HAVE_UNISTD_H 1
| #define HAVE_LIBDL 1
| #define HAVE_LIBDL 1
| #define GETTEXT_PACKAGE "mentohust"
| #define ENABLE_NLS 1
| #define HAVE_GETTEXT 1
| #define HAVE_DCGETTEXT 1
| #define HAVE_ICONV_H 1
| #define HAVE_ARPA_INET_H 1
| #define HAVE_FCNTL_H 1
| #define HAVE_NETINET_IN_H 1
| #define HAVE_STDINT_H 1
| #define HAVE_STDLIB_H 1
| #define HAVE_STRING_H 1
| #define HAVE_SYS_IOCTL_H 1
| #define HAVE_SYS_SOCKET_H 1
| #define HAVE_SYS_TIME_H 1
| #define HAVE_UNISTD_H 1
| #define HAVE_LIBINTL_H 1
| #define HAVE_LOCALE_H 1
| /* end confdefs.h.  */
| #include <stdio.h>
| #ifdef HAVE_SYS_TYPES_H
| # include <sys/types.h>
| #endif
| #ifdef HAVE_SYS_STAT_H
| # include <sys/stat.h>
| #endif
| #ifdef STDC_HEADERS
| # include <stdlib.h>
| # include <stddef.h>
| #else
| # ifdef HAVE_STDLIB_H
| #  include <stdlib.h>
| # endif
| #endif
| #ifdef HAVE_STRING_H
| # if !defined STDC_HEADERS && defined HAVE_MEMORY_H
| #  include <memory.h>
| # endif
| # include <string.h>
| #endif
| #ifdef HAVE_STRINGS_H
| # include <strings.h>
| #endif
| #ifdef HAVE_INTTYPES_H
| # include <inttypes.h>
| #endif
| #ifdef HAVE_STDINT_H
| # include <stdint.h>
| #endif
| #ifdef HAVE_UNISTD_H
| # include <unistd.h>
| #endif
| int
| main ()
| {
| if (sizeof ((size_t)))
| 	    return 0;
|   ;
|   return 0;
| }
configure:6748: result: yes
configure:6764: checking for atexit
configure:6764: gcc -o conftest  -Os -Wall   conftest.c -ldl -ldl  >&5
configure:6764: $? = 0
configure:6764: result: yes
configure:6764: checking for memmove
configure:6764: gcc -o conftest  -Os -Wall   conftest.c -ldl -ldl  >&5
conftest.c:64:6: warning: conflicting types for built-in function 'memmove'
configure:6764: $? = 0
configure:6764: result: yes
configure:6764: checking for memset
configure:6764: gcc -o conftest  -Os -Wall   conftest.c -ldl -ldl  >&5
conftest.c:65:6: warning: conflicting types for built-in function 'memset'
configure:6764: $? = 0
configure:6764: result: yes
configure:6764: checking for socket
configure:6764: gcc -o conftest  -Os -Wall   conftest.c -ldl -ldl  >&5
configure:6764: $? = 0
configure:6764: result: yes
configure:6764: checking for strrchr
configure:6764: gcc -o conftest  -Os -Wall   conftest.c -ldl -ldl  >&5
conftest.c:67:6: warning: conflicting types for built-in function 'strrchr'
configure:6764: $? = 0
configure:6764: result: yes
configure:6764: checking for setlocale
configure:6764: gcc -o conftest  -Os -Wall   conftest.c -ldl -ldl  >&5
configure:6764: $? = 0
configure:6764: result: yes
configure:6777: result: config result: host(linux-gnu) pcap(dyload) notify(yes) encode(yes) arp(yes) nls(yes)
configure:6910: creating ./config.status

## ---------------------- ##
## Running config.status. ##
## ---------------------- ##

This file was extended by mentohust config.status 0.3.1, which was
generated by GNU Autoconf 2.68.  Invocation command line was

  CONFIG_FILES    = 
  CONFIG_HEADERS  = 
  CONFIG_LINKS    = 
  CONFIG_COMMANDS = 
  $ ./config.status 

on BigEagle-Laptop

config.status:924: creating Makefile
config.status:924: creating src/Makefile
config.status:924: creating po/Makefile.in
config.status:924: creating mentohust.spec
config.status:924: creating config.h
config.status:1105: config.h is unchanged
config.status:1153: executing depfiles commands
config.status:1153: executing po-directories commands

## ---------------- ##
## Cache variables. ##
## ---------------- ##

ac_cv_build=i686-pc-linux-gnu
ac_cv_c_bigendian=no
ac_cv_c_compiler_gnu=yes
ac_cv_env_CC_set=
ac_cv_env_CC_value=
ac_cv_env_CFLAGS_set=
ac_cv_env_CFLAGS_value=
ac_cv_env_CPPFLAGS_set=
ac_cv_env_CPPFLAGS_value=
ac_cv_env_CPP_set=
ac_cv_env_CPP_value=
ac_cv_env_LDFLAGS_set=
ac_cv_env_LDFLAGS_value=
ac_cv_env_LIBS_set=
ac_cv_env_LIBS_value=
ac_cv_env_build_alias_set=
ac_cv_env_build_alias_value=
ac_cv_env_host_alias_set=
ac_cv_env_host_alias_value=
ac_cv_env_target_alias_set=
ac_cv_env_target_alias_value=
ac_cv_func_atexit=yes
ac_cv_func_memmove=yes
ac_cv_func_memset=yes
ac_cv_func_setlocale=yes
ac_cv_func_socket=yes
ac_cv_func_strrchr=yes
ac_cv_header_arpa_inet_h=yes
ac_cv_header_fcntl_h=yes
ac_cv_header_iconv_h=yes
ac_cv_header_inttypes_h=yes
ac_cv_header_libintl_h=yes
ac_cv_header_locale_h=yes
ac_cv_header_memory_h=yes
ac_cv_header_netinet_in_h=yes
ac_cv_header_stdc=yes
ac_cv_header_stdint_h=yes
ac_cv_header_stdlib_h=yes
ac_cv_header_string_h=yes
ac_cv_header_strings_h=yes
ac_cv_header_sys_ioctl_h=yes
ac_cv_header_sys_socket_h=yes
ac_cv_header_sys_stat_h=yes
ac_cv_header_sys_time_h=yes
ac_cv_header_sys_types_h=yes
ac_cv_header_unistd_h=yes
ac_cv_host=i686-pc-linux-gnu
ac_cv_lib_dl_dlsym=yes
ac_cv_objext=o
ac_cv_path_EGREP='/bin/grep -E'
ac_cv_path_GMSGFMT=/usr/bin/msgfmt
ac_cv_path_GREP=/bin/grep
ac_cv_path_MSGFMT=/usr/bin/msgfmt
ac_cv_path_MSGMERGE=/usr/bin/msgmerge
ac_cv_path_XGETTEXT=/usr/bin/xgettext
ac_cv_path_install='/bin/install -c'
ac_cv_path_mkdir=/bin/mkdir
ac_cv_prog_AWK=gawk
ac_cv_prog_CPP='gcc -E'
ac_cv_prog_ac_ct_CC=gcc
ac_cv_prog_cc_c89=
ac_cv_prog_cc_g=yes
ac_cv_prog_make_make_set=yes
ac_cv_type_size_t=yes
acl_cv_hardcode_direct=no
acl_cv_hardcode_libdir_flag_spec='${wl}-rpath ${wl}$libdir'
acl_cv_hardcode_libdir_separator=
acl_cv_hardcode_minus_L=no
acl_cv_libext=a
acl_cv_path_LD=/usr/bin/ld
acl_cv_prog_gnu_ld=yes
acl_cv_rpath=done
acl_cv_shlibext=so
acl_cv_wl=-Wl,
am_cv_CC_dependencies_compiler_type=gcc3
gt_cv_func_CFLocaleCopyCurrent=no
gt_cv_func_CFPreferencesCopyAppValue=no
gt_cv_func_gnugettext1_libc=yes

## ----------------- ##
## Output variables. ##
## ----------------- ##

ACLOCAL='${SHELL} /home/bigeagle/workspace/mentohust/missing --run aclocal-1.11'
AMDEPBACKSLASH='\'
AMDEP_FALSE='#'
AMDEP_TRUE=''
AMTAR='${SHELL} /home/bigeagle/workspace/mentohust/missing --run tar'
AM_BACKSLASH='\'
AM_DEFAULT_VERBOSITY='0'
AUTOCONF='${SHELL} /home/bigeagle/workspace/mentohust/missing --run autoconf'
AUTOHEADER='${SHELL} /home/bigeagle/workspace/mentohust/missing --run autoheader'
AUTOMAKE='${SHELL} /home/bigeagle/workspace/mentohust/missing --run automake-1.11'
AWK='gawk'
CC='gcc'
CCDEPMODE='depmode=gcc3'
CFLAGS=' -Os -Wall'
CPP='gcc -E'
CPPFLAGS=''
CYGPATH_W='echo'
DEFS='-DHAVE_CONFIG_H'
DEPDIR='.deps'
ECHO_C=''
ECHO_N='-n'
ECHO_T=''
EGREP='/bin/grep -E'
EXEEXT=''
GETTEXT_MACRO_VERSION='0.18'
GETTEXT_PACKAGE='mentohust'
GMSGFMT='/usr/bin/msgfmt'
GMSGFMT_015='/usr/bin/msgfmt'
GREP='/bin/grep'
INSTALL_DATA='${INSTALL} -m 644'
INSTALL_PROGRAM='${INSTALL}'
INSTALL_SCRIPT='${INSTALL}'
INSTALL_STRIP_PROGRAM='$(install_sh) -c -s'
INTLLIBS=''
INTL_MACOSX_LIBS=''
LDADD=''
LDFLAGS=''
LIBICONV='-liconv'
LIBINTL=''
LIBOBJS=''
LIBS='-ldl -ldl '
LTLIBICONV='-liconv'
LTLIBINTL=''
LTLIBOBJS=''
MAKEINFO='${SHELL} /home/bigeagle/workspace/mentohust/missing --run makeinfo'
MKDIR_P='/bin/mkdir -p'
MSGFMT='/usr/bin/msgfmt'
MSGFMT_015='/usr/bin/msgfmt'
MSGMERGE='/usr/bin/msgmerge'
OBJEXT='o'
PACKAGE='mentohust'
PACKAGE_BUGREPORT='http://code.google.com/p/mentohust/issues/list'
PACKAGE_NAME='mentohust'
PACKAGE_STRING='mentohust 0.3.1'
PACKAGE_TARNAME='mentohust'
PACKAGE_URL=''
PACKAGE_VERSION='0.3.1'
PATH_SEPARATOR=':'
POSUB='po'
SET_MAKE=''
SHELL='/bin/sh'
STRIP=''
USE_NLS='yes'
VERSION='0.3.1'
XGETTEXT='/usr/bin/xgettext'
XGETTEXT_015='/usr/bin/xgettext'
XGETTEXT_EXTRA_OPTIONS=''
ac_ct_CC='gcc'
am__EXEEXT_FALSE=''
am__EXEEXT_TRUE='#'
am__fastdepCC_FALSE='#'
am__fastdepCC_TRUE=''
am__include='include'
am__isrc=''
am__leading_dot='.'
am__quote=''
am__tar='${AMTAR} chof - "$$tardir"'
am__untar='${AMTAR} xf -'
bindir='${exec_prefix}/bin'
build='i686-pc-linux-gnu'
build_alias=''
build_cpu='i686'
build_os='linux-gnu'
build_vendor='pc'
datadir='${datarootdir}'
datarootdir='${prefix}/share'
docdir='${datarootdir}/doc/${PACKAGE_TARNAME}'
dvidir='${docdir}'
exec_prefix='${prefix}'
host='i686-pc-linux-gnu'
host_alias=''
host_cpu='i686'
host_os='linux-gnu'
host_vendor='pc'
htmldir='${docdir}'
includedir='${prefix}/include'
infodir='${datarootdir}/info'
install_sh='${SHELL} /home/bigeagle/workspace/mentohust/install-sh'
libdir='${exec_prefix}/lib'
libexecdir='${exec_prefix}/libexec'
localedir='${datarootdir}/locale'
localstatedir='${prefix}/var'
mandir='${datarootdir}/man'
mkdir_p='/bin/mkdir -p'
oldincludedir='/usr/include'
pdfdir='${docdir}'
prefix='/usr'
program_transform_name='s,x,x,'
psdir='${docdir}'
sbindir='${exec_prefix}/sbin'
sharedstatedir='${prefix}/com'
sysconfdir='${prefix}/etc'
target_alias=''

## ----------- ##
## confdefs.h. ##
## ----------- ##

/* confdefs.h */
#define PACKAGE_NAME "mentohust"
#define PACKAGE_TARNAME "mentohust"
#define PACKAGE_VERSION "0.3.1"
#define PACKAGE_STRING "mentohust 0.3.1"
#define PACKAGE_BUGREPORT "http://code.google.com/p/mentohust/issues/list"
#define PACKAGE_URL ""
#define PACKAGE "mentohust"
#define VERSION "0.3.1"
#define STDC_HEADERS 1
#define HAVE_SYS_TYPES_H 1
#define HAVE_SYS_STAT_H 1
#define HAVE_STDLIB_H 1
#define HAVE_STRING_H 1
#define HAVE_MEMORY_H 1
#define HAVE_STRINGS_H 1
#define HAVE_INTTYPES_H 1
#define HAVE_STDINT_H 1
#define HAVE_UNISTD_H 1
#define HAVE_LIBDL 1
#define HAVE_LIBDL 1
#define GETTEXT_PACKAGE "mentohust"
#define ENABLE_NLS 1
#define HAVE_GETTEXT 1
#define HAVE_DCGETTEXT 1
#define HAVE_ICONV_H 1
#define HAVE_ARPA_INET_H 1
#define HAVE_FCNTL_H 1
#define HAVE_NETINET_IN_H 1
#define HAVE_STDINT_H 1
#define HAVE_STDLIB_H 1
#define HAVE_STRING_H 1
#define HAVE_SYS_IOCTL_H 1
#define HAVE_SYS_SOCKET_H 1
#define HAVE_SYS_TIME_H 1
#define HAVE_UNISTD_H 1
#define HAVE_LIBINTL_H 1
#define HAVE_LOCALE_H 1
#define HAVE_ATEXIT 1
#define HAVE_MEMMOVE 1
#define HAVE_MEMSET 1
#define HAVE_SOCKET 1
#define HAVE_STRRCHR 1
#define HAVE_SETLOCALE 1

configure: exit 0
